<?xml version="1.0" encoding="UTF-8"?>
<!-- Generated by org.testng.reporters.JUnitXMLReporter -->
<testsuite hostname="Mamta-PC" name="Default test" tests="9" failures="0" timestamp="15 Jul 2017 04:37:04 GMT" time="13.435" errors="0">
  <testcase name="statusCodeValidation" time="4.815" classname="apiTestingForNasa.GETApiForNasa"/>
  <testcase name="validateDownloadURLForAll" time="2.578" classname="apiTestingForNasa.GETApiForNasa"/>
  <testcase name="validateDurationForAll" time="0.691" classname="apiTestingForNasa.GETApiForNasa"/>
  <testcase name="validateForArray1description" time="1.263" classname="apiTestingForNasa.GETApiForNasa"/>
  <testcase name="validateLast_modifiedForAll" time="0.821" classname="apiTestingForNasa.GETApiForNasa"/>
  <testcase name="validateLicenceForAll" time="1.035" classname="apiTestingForNasa.GETApiForNasa"/>
  <testcase name="validateTag_listForAll" time="0.793" classname="apiTestingForNasa.GETApiForNasa"/>
  <testcase name="validatenullForAll" time="0.776" classname="apiTestingForNasa.GETApiForNasa"/>
  <testcase name="wrongStatusCodeValidation" time="0.568" classname="apiTestingForNasa.GETApiForNasa"/>
</testsuite> <!-- Default test -->
