<?xml version="1.0" encoding="UTF-8"?>
<testng-results skipped="0" failed="0" total="9" passed="9">
  <reporter-output>
  </reporter-output>
  <suite name="Default suite" duration-ms="13435" started-at="2017-07-15T04:36:50Z" finished-at="2017-07-15T04:37:03Z">
    <groups>
    </groups>
    <test name="Default test" duration-ms="13435" started-at="2017-07-15T04:36:50Z" finished-at="2017-07-15T04:37:03Z">
      <class name="apiTestingForNasa.GETApiForNasa">
        <test-method status="PASS" signature="statusCodeValidation()[pri:0, instance:apiTestingForNasa.GETApiForNasa@31dc339b]" name="statusCodeValidation" duration-ms="4815" started-at="2017-07-14T21:36:50Z" finished-at="2017-07-14T21:36:55Z">
          <reporter-output>
          </reporter-output>
        </test-method> <!-- statusCodeValidation -->
        <test-method status="PASS" signature="validateDownloadURLForAll()[pri:0, instance:apiTestingForNasa.GETApiForNasa@31dc339b]" name="validateDownloadURLForAll" duration-ms="2578" started-at="2017-07-14T21:36:55Z" finished-at="2017-07-14T21:36:57Z">
          <reporter-output>
          </reporter-output>
        </test-method> <!-- validateDownloadURLForAll -->
        <test-method status="PASS" signature="validateDurationForAll()[pri:0, instance:apiTestingForNasa.GETApiForNasa@31dc339b]" name="validateDurationForAll" duration-ms="691" started-at="2017-07-14T21:36:57Z" finished-at="2017-07-14T21:36:58Z">
          <reporter-output>
          </reporter-output>
        </test-method> <!-- validateDurationForAll -->
        <test-method status="PASS" signature="validateForArray1description()[pri:0, instance:apiTestingForNasa.GETApiForNasa@31dc339b]" name="validateForArray1description" duration-ms="1263" started-at="2017-07-14T21:36:58Z" finished-at="2017-07-14T21:36:59Z">
          <reporter-output>
          </reporter-output>
        </test-method> <!-- validateForArray1description -->
        <test-method status="PASS" signature="validateLast_modifiedForAll()[pri:0, instance:apiTestingForNasa.GETApiForNasa@31dc339b]" name="validateLast_modifiedForAll" duration-ms="821" started-at="2017-07-14T21:36:59Z" finished-at="2017-07-14T21:37:00Z">
          <reporter-output>
          </reporter-output>
        </test-method> <!-- validateLast_modifiedForAll -->
        <test-method status="PASS" signature="validateLicenceForAll()[pri:0, instance:apiTestingForNasa.GETApiForNasa@31dc339b]" name="validateLicenceForAll" duration-ms="1035" started-at="2017-07-14T21:37:00Z" finished-at="2017-07-14T21:37:01Z">
          <reporter-output>
          </reporter-output>
        </test-method> <!-- validateLicenceForAll -->
        <test-method status="PASS" signature="validateTag_listForAll()[pri:0, instance:apiTestingForNasa.GETApiForNasa@31dc339b]" name="validateTag_listForAll" duration-ms="793" started-at="2017-07-14T21:37:01Z" finished-at="2017-07-14T21:37:02Z">
          <reporter-output>
          </reporter-output>
        </test-method> <!-- validateTag_listForAll -->
        <test-method status="PASS" signature="validatenullForAll()[pri:0, instance:apiTestingForNasa.GETApiForNasa@31dc339b]" name="validatenullForAll" duration-ms="776" started-at="2017-07-14T21:37:02Z" finished-at="2017-07-14T21:37:03Z">
          <reporter-output>
          </reporter-output>
        </test-method> <!-- validatenullForAll -->
        <test-method status="PASS" signature="wrongStatusCodeValidation()[pri:0, instance:apiTestingForNasa.GETApiForNasa@31dc339b]" name="wrongStatusCodeValidation" duration-ms="568" started-at="2017-07-14T21:37:03Z" finished-at="2017-07-14T21:37:03Z">
          <reporter-output>
          </reporter-output>
        </test-method> <!-- wrongStatusCodeValidation -->
      </class> <!-- apiTestingForNasa.GETApiForNasa -->
    </test> <!-- Default test -->
  </suite> <!-- Default suite -->
</testng-results>
